\BOOKMARK [0][-]{chapter.1}{\376\377\0001\000\040\000T\000o\000d\000o\000\040\000L\000i\000s\000t}{}% 1
\BOOKMARK [0][-]{chapter.2}{\376\377\0002\000\040\000N\000a\000m\000e\000s\000p\000a\000c\000e\000\040\000I\000n\000d\000e\000x}{}% 2
\BOOKMARK [1][-]{section.2.1}{\376\377\0002\000.\0001\000\040\000N\000a\000m\000e\000s\000p\000a\000c\000e\000\040\000L\000i\000s\000t}{chapter.2}% 3
\BOOKMARK [0][-]{chapter.3}{\376\377\0003\000\040\000C\000l\000a\000s\000s\000\040\000I\000n\000d\000e\000x}{}% 4
\BOOKMARK [1][-]{section.3.1}{\376\377\0003\000.\0001\000\040\000C\000l\000a\000s\000s\000\040\000L\000i\000s\000t}{chapter.3}% 5
\BOOKMARK [0][-]{chapter.4}{\376\377\0004\000\040\000F\000i\000l\000e\000\040\000I\000n\000d\000e\000x}{}% 6
\BOOKMARK [1][-]{section.4.1}{\376\377\0004\000.\0001\000\040\000F\000i\000l\000e\000\040\000L\000i\000s\000t}{chapter.4}% 7
\BOOKMARK [0][-]{chapter.5}{\376\377\0005\000\040\000N\000a\000m\000e\000s\000p\000a\000c\000e\000\040\000D\000o\000c\000u\000m\000e\000n\000t\000a\000t\000i\000o\000n}{}% 8
\BOOKMARK [1][-]{section.5.1}{\376\377\0005\000.\0001\000\040\000v\000o\000l\000c\000a\000r\000t\000\040\000N\000a\000m\000e\000s\000p\000a\000c\000e\000\040\000R\000e\000f\000e\000r\000e\000n\000c\000e}{chapter.5}% 9
\BOOKMARK [2][-]{subsection.5.1.1}{\376\377\0005\000.\0001\000.\0001\000\040\000T\000y\000p\000e\000d\000e\000f\000\040\000D\000o\000c\000u\000m\000e\000n\000t\000a\000t\000i\000o\000n}{section.5.1}% 10
\BOOKMARK [3][-]{subsubsection.5.1.1.1}{\376\377\0005\000.\0001\000.\0001\000.\0001\000\040\000D\000i\000c\000t\000i\000o\000n\000a\000r\000y}{subsection.5.1.1}% 11
\BOOKMARK [3][-]{subsubsection.5.1.1.2}{\376\377\0005\000.\0001\000.\0001\000.\0002\000\040\000L\000i\000b\000r\000a\000r\000y}{subsection.5.1.1}% 12
\BOOKMARK [2][-]{subsection.5.1.2}{\376\377\0005\000.\0001\000.\0002\000\040\000V\000a\000r\000i\000a\000b\000l\000e\000\040\000D\000o\000c\000u\000m\000e\000n\000t\000a\000t\000i\000o\000n}{section.5.1}% 13
\BOOKMARK [3][-]{subsubsection.5.1.2.1}{\376\377\0005\000.\0001\000.\0002\000.\0001\000\040\000\137\0001}{subsection.5.1.2}% 14
\BOOKMARK [3][-]{subsubsection.5.1.2.2}{\376\377\0005\000.\0001\000.\0002\000.\0002\000\040\000\137\0002}{subsection.5.1.2}% 15
\BOOKMARK [3][-]{subsubsection.5.1.2.3}{\376\377\0005\000.\0001\000.\0002\000.\0003\000\040\000\137\0003}{subsection.5.1.2}% 16
\BOOKMARK [3][-]{subsubsection.5.1.2.4}{\376\377\0005\000.\0001\000.\0002\000.\0004\000\040\000V\000e\000r\000s\000i\000o\000n\000L\000i\000b\000r\000a\000r\000y}{subsection.5.1.2}% 17
\BOOKMARK [0][-]{chapter.6}{\376\377\0006\000\040\000C\000l\000a\000s\000s\000\040\000D\000o\000c\000u\000m\000e\000n\000t\000a\000t\000i\000o\000n}{}% 18
\BOOKMARK [1][-]{section.6.1}{\376\377\0006\000.\0001\000\040\000V\000o\000l\000u\000m\000e\000P\000k\000g\000\040\000C\000l\000a\000s\000s\000\040\000R\000e\000f\000e\000r\000e\000n\000c\000e}{chapter.6}% 19
\BOOKMARK [2][-]{subsection.6.1.1}{\376\377\0006\000.\0001\000.\0001\000\040\000D\000e\000t\000a\000i\000l\000e\000d\000\040\000D\000e\000s\000c\000r\000i\000p\000t\000i\000o\000n}{section.6.1}% 20
\BOOKMARK [2][-]{subsection.6.1.2}{\376\377\0006\000.\0001\000.\0002\000\040\000C\000o\000n\000s\000t\000r\000u\000c\000t\000o\000r\000\040\000\046\000\040\000D\000e\000s\000t\000r\000u\000c\000t\000o\000r\000\040\000D\000o\000c\000u\000m\000e\000n\000t\000a\000t\000i\000o\000n}{section.6.1}% 21
\BOOKMARK [3][-]{subsubsection.6.1.2.1}{\376\377\0006\000.\0001\000.\0002\000.\0001\000\040\000V\000o\000l\000u\000m\000e\000P\000k\000g\000\050\000\051\000\040\000[\0001\000/\0002\000]}{subsection.6.1.2}% 22
\BOOKMARK [3][-]{subsubsection.6.1.2.2}{\376\377\0006\000.\0001\000.\0002\000.\0002\000\040\000V\000o\000l\000u\000m\000e\000P\000k\000g\000\050\000\051\000\040\000[\0002\000/\0002\000]}{subsection.6.1.2}% 23
\BOOKMARK [2][-]{subsection.6.1.3}{\376\377\0006\000.\0001\000.\0003\000\040\000M\000e\000m\000b\000e\000r\000\040\000F\000u\000n\000c\000t\000i\000o\000n\000\040\000D\000o\000c\000u\000m\000e\000n\000t\000a\000t\000i\000o\000n}{section.6.1}% 24
\BOOKMARK [3][-]{subsubsection.6.1.3.1}{\376\377\0006\000.\0001\000.\0003\000.\0001\000\040\000\137\000i\000n\000i\000t\000C\000o\000n\000f\000i\000g\000\050\000\051}{subsection.6.1.3}% 25
\BOOKMARK [3][-]{subsubsection.6.1.3.2}{\376\377\0006\000.\0001\000.\0003\000.\0002\000\040\000\137\000m\000a\000k\000e\000D\000i\000r\000T\000r\000e\000e\000\050\000\051}{subsection.6.1.3}% 26
\BOOKMARK [3][-]{subsubsection.6.1.3.3}{\376\377\0006\000.\0001\000.\0003\000.\0003\000\040\000g\000e\000t\000A\000c\000t\000i\000v\000e\000S\000e\000g\000m\000e\000n\000t\000a\000t\000i\000o\000n\000\050\000\051}{subsection.6.1.3}% 27
\BOOKMARK [3][-]{subsubsection.6.1.3.4}{\376\377\0006\000.\0001\000.\0003\000.\0004\000\040\000g\000e\000t\000A\000c\000t\000i\000v\000e\000S\000e\000g\000P\000a\000t\000h\000\050\000\051}{subsection.6.1.3}% 28
\BOOKMARK [3][-]{subsubsection.6.1.3.5}{\376\377\0006\000.\0001\000.\0003\000.\0005\000\040\000g\000e\000t\000M\000a\000t\000e\000r\000i\000a\000l\000T\000h\000i\000c\000k\000n\000e\000s\000s\000\050\000\051}{subsection.6.1.3}% 29
\BOOKMARK [3][-]{subsubsection.6.1.3.6}{\376\377\0006\000.\0001\000.\0003\000.\0006\000\040\000g\000e\000t\000M\000e\000s\000h\000P\000a\000t\000h\000\050\000\051}{subsection.6.1.3}% 30
\BOOKMARK [3][-]{subsubsection.6.1.3.7}{\376\377\0006\000.\0001\000.\0003\000.\0007\000\040\000g\000e\000t\000N\000u\000m\000b\000e\000r\000O\000f\000S\000l\000i\000c\000e\000C\000h\000a\000r\000a\000c\000t\000e\000r\000s\000\050\000\051}{subsection.6.1.3}% 31
\BOOKMARK [3][-]{subsubsection.6.1.3.8}{\376\377\0006\000.\0001\000.\0003\000.\0008\000\040\000g\000e\000t\000N\000u\000m\000b\000e\000r\000O\000f\000S\000l\000i\000c\000e\000s\000\050\000\051}{subsection.6.1.3}% 32
\BOOKMARK [3][-]{subsubsection.6.1.3.9}{\376\377\0006\000.\0001\000.\0003\000.\0009\000\040\000g\000e\000t\000P\000k\000g\000N\000a\000m\000e\000\050\000\051}{subsection.6.1.3}% 33
\BOOKMARK [3][-]{subsubsection.6.1.3.10}{\376\377\0006\000.\0001\000.\0003\000.\0001\0000\000\040\000g\000e\000t\000S\000e\000g\000m\000e\000n\000t\000a\000t\000i\000o\000n\000s\000\050\000\051}{subsection.6.1.3}% 34
\BOOKMARK [3][-]{subsubsection.6.1.3.11}{\376\377\0006\000.\0001\000.\0003\000.\0001\0001\000\040\000g\000e\000t\000S\000l\000i\000c\000e\000H\000e\000i\000g\000h\000t\000\050\000\051}{subsection.6.1.3}% 35
\BOOKMARK [3][-]{subsubsection.6.1.3.12}{\376\377\0006\000.\0001\000.\0003\000.\0001\0002\000\040\000g\000e\000t\000S\000l\000i\000c\000e\000W\000i\000d\000t\000h\000\050\000\051}{subsection.6.1.3}% 36
\BOOKMARK [3][-]{subsubsection.6.1.3.13}{\376\377\0006\000.\0001\000.\0003\000.\0001\0003\000\040\000g\000e\000t\000T\000e\000x\000t\000u\000r\000e\000D\000a\000t\000a\000\050\000\051}{subsection.6.1.3}% 37
\BOOKMARK [3][-]{subsubsection.6.1.3.14}{\376\377\0006\000.\0001\000.\0003\000.\0001\0004\000\040\000g\000e\000t\000V\000e\000r\000s\000i\000o\000n\000\050\000\051}{subsection.6.1.3}% 38
\BOOKMARK [3][-]{subsubsection.6.1.3.15}{\376\377\0006\000.\0001\000.\0003\000.\0001\0005\000\040\000g\000e\000t\000V\000o\000x\000e\000l\000S\000i\000z\000e\000\050\000\051}{subsection.6.1.3}% 39
\BOOKMARK [3][-]{subsubsection.6.1.3.16}{\376\377\0006\000.\0001\000.\0003\000.\0001\0006\000\040\000i\000n\000i\000t\000i\000a\000l\000i\000z\000e\000\050\000\051}{subsection.6.1.3}% 40
\BOOKMARK [3][-]{subsubsection.6.1.3.17}{\376\377\0006\000.\0001\000.\0003\000.\0001\0007\000\040\000n\000e\000w\000S\000e\000g\000m\000e\000n\000t\000a\000t\000i\000o\000n\000\050\000\051}{subsection.6.1.3}% 41
\BOOKMARK [3][-]{subsubsection.6.1.3.18}{\376\377\0006\000.\0001\000.\0003\000.\0001\0008\000\040\000o\000p\000e\000n\000C\000l\000o\000u\000d\000\050\000\051}{subsection.6.1.3}% 42
\BOOKMARK [3][-]{subsubsection.6.1.3.19}{\376\377\0006\000.\0001\000.\0003\000.\0001\0009\000\040\000p\000r\000i\000n\000t\000D\000i\000r\000s\000\050\000\051}{subsection.6.1.3}% 43
\BOOKMARK [3][-]{subsubsection.6.1.3.20}{\376\377\0006\000.\0001\000.\0003\000.\0002\0000\000\040\000p\000r\000i\000n\000t\000J\000S\000O\000N\000\050\000\051}{subsection.6.1.3}% 44
\BOOKMARK [3][-]{subsubsection.6.1.3.21}{\376\377\0006\000.\0001\000.\0003\000.\0002\0001\000\040\000r\000e\000a\000d\000O\000n\000l\000y\000\050\000\051\000\040\000[\0001\000/\0002\000]}{subsection.6.1.3}% 45
\BOOKMARK [3][-]{subsubsection.6.1.3.22}{\376\377\0006\000.\0001\000.\0003\000.\0002\0002\000\040\000r\000e\000a\000d\000O\000n\000l\000y\000\050\000\051\000\040\000[\0002\000/\0002\000]}{subsection.6.1.3}% 46
\BOOKMARK [3][-]{subsubsection.6.1.3.23}{\376\377\0006\000.\0001\000.\0003\000.\0002\0003\000\040\000s\000a\000v\000e\000C\000l\000o\000u\000d\000\050\000\051}{subsection.6.1.3}% 47
\BOOKMARK [3][-]{subsubsection.6.1.3.24}{\376\377\0006\000.\0001\000.\0003\000.\0002\0004\000\040\000s\000a\000v\000e\000M\000e\000s\000h\000\050\000\051\000\040\000[\0001\000/\0002\000]}{subsection.6.1.3}% 48
\BOOKMARK [3][-]{subsubsection.6.1.3.25}{\376\377\0006\000.\0001\000.\0003\000.\0002\0005\000\040\000s\000a\000v\000e\000M\000e\000s\000h\000\050\000\051\000\040\000[\0002\000/\0002\000]}{subsection.6.1.3}% 49
\BOOKMARK [3][-]{subsubsection.6.1.3.26}{\376\377\0006\000.\0001\000.\0003\000.\0002\0006\000\040\000s\000a\000v\000e\000M\000e\000t\000a\000d\000a\000t\000a\000\050\000\051\000\040\000[\0001\000/\0002\000]}{subsection.6.1.3}% 50
\BOOKMARK [3][-]{subsubsection.6.1.3.27}{\376\377\0006\000.\0001\000.\0003\000.\0002\0007\000\040\000s\000a\000v\000e\000M\000e\000t\000a\000d\000a\000t\000a\000\050\000\051\000\040\000[\0002\000/\0002\000]}{subsection.6.1.3}% 51
\BOOKMARK [3][-]{subsubsection.6.1.3.28}{\376\377\0006\000.\0001\000.\0003\000.\0002\0008\000\040\000s\000a\000v\000e\000T\000e\000x\000t\000u\000r\000e\000D\000a\000t\000a\000\050\000\051\000\040\000[\0001\000/\0002\000]}{subsection.6.1.3}% 52
\BOOKMARK [3][-]{subsubsection.6.1.3.29}{\376\377\0006\000.\0001\000.\0003\000.\0002\0009\000\040\000s\000a\000v\000e\000T\000e\000x\000t\000u\000r\000e\000D\000a\000t\000a\000\050\000\051\000\040\000[\0002\000/\0002\000]}{subsection.6.1.3}% 53
\BOOKMARK [3][-]{subsubsection.6.1.3.30}{\376\377\0006\000.\0001\000.\0003\000.\0003\0000\000\040\000s\000e\000t\000A\000c\000t\000i\000v\000e\000S\000e\000g\000m\000e\000n\000t\000a\000t\000i\000o\000n\000\050\000\051}{subsection.6.1.3}% 54
\BOOKMARK [3][-]{subsubsection.6.1.3.31}{\376\377\0006\000.\0001\000.\0003\000.\0003\0001\000\040\000s\000e\000t\000M\000e\000t\000a\000d\000a\000t\000a\000\050\000\051}{subsection.6.1.3}% 55
\BOOKMARK [3][-]{subsubsection.6.1.3.32}{\376\377\0006\000.\0001\000.\0003\000.\0003\0002\000\040\000s\000e\000t\000S\000l\000i\000c\000e\000D\000a\000t\000a\000\050\000\051}{subsection.6.1.3}% 56
\BOOKMARK [3][-]{subsubsection.6.1.3.33}{\376\377\0006\000.\0001\000.\0003\000.\0003\0003\000\040\000v\000o\000l\000u\000m\000e\000\050\000\051\000\040\000[\0001\000/\0002\000]}{subsection.6.1.3}% 57
\BOOKMARK [3][-]{subsubsection.6.1.3.34}{\376\377\0006\000.\0001\000.\0003\000.\0003\0004\000\040\000v\000o\000l\000u\000m\000e\000\050\000\051\000\040\000[\0002\000/\0002\000]}{subsection.6.1.3}% 58
\BOOKMARK [2][-]{subsection.6.1.4}{\376\377\0006\000.\0001\000.\0004\000\040\000M\000e\000m\000b\000e\000r\000\040\000D\000a\000t\000a\000\040\000D\000o\000c\000u\000m\000e\000n\000t\000a\000t\000i\000o\000n}{section.6.1}% 59
\BOOKMARK [3][-]{subsubsection.6.1.4.1}{\376\377\0006\000.\0001\000.\0004\000.\0001\000\040\000\137\000r\000e\000a\000d\000O\000n\000l\000y}{subsection.6.1.4}% 60
\BOOKMARK [3][-]{subsubsection.6.1.4.2}{\376\377\0006\000.\0001\000.\0004\000.\0002\000\040\000a\000c\000t\000i\000v\000e\000S\000e\000g}{subsection.6.1.4}% 61
\BOOKMARK [3][-]{subsubsection.6.1.4.3}{\376\377\0006\000.\0001\000.\0004\000.\0003\000\040\000c\000o\000n\000f\000i\000g}{subsection.6.1.4}% 62
\BOOKMARK [3][-]{subsubsection.6.1.4.4}{\376\377\0006\000.\0001\000.\0004\000.\0004\000\040\000r\000o\000o\000t\000\137\000d\000i\000r}{subsection.6.1.4}% 63
\BOOKMARK [3][-]{subsubsection.6.1.4.5}{\376\377\0006\000.\0001\000.\0004\000.\0005\000\040\000s\000e\000g\000m\000e\000n\000t\000a\000t\000i\000o\000n\000s}{subsection.6.1.4}% 64
\BOOKMARK [3][-]{subsubsection.6.1.4.6}{\376\377\0006\000.\0001\000.\0004\000.\0006\000\040\000s\000e\000g\000s\000\137\000d\000i\000r}{subsection.6.1.4}% 65
\BOOKMARK [3][-]{subsubsection.6.1.4.7}{\376\377\0006\000.\0001\000.\0004\000.\0007\000\040\000s\000l\000i\000c\000e\000\137\000d\000i\000r}{subsection.6.1.4}% 66
\BOOKMARK [3][-]{subsubsection.6.1.4.8}{\376\377\0006\000.\0001\000.\0004\000.\0008\000\040\000v\000o\000l\000\137}{subsection.6.1.4}% 67
\BOOKMARK [1][-]{section.6.2}{\376\377\0006\000.\0002\000\040\000V\000o\000l\000u\000m\000e\000P\000k\000g\000\137\000V\000e\000r\000s\000i\000o\000n\000\040\000C\000l\000a\000s\000s\000\040\000R\000e\000f\000e\000r\000e\000n\000c\000e}{chapter.6}% 68
\BOOKMARK [2][-]{subsection.6.2.1}{\376\377\0006\000.\0002\000.\0001\000\040\000D\000e\000t\000a\000i\000l\000e\000d\000\040\000D\000e\000s\000c\000r\000i\000p\000t\000i\000o\000n}{section.6.2}% 69
\BOOKMARK [0][-]{chapter.7}{\376\377\0007\000\040\000F\000i\000l\000e\000\040\000D\000o\000c\000u\000m\000e\000n\000t\000a\000t\000i\000o\000n}{}% 70
\BOOKMARK [1][-]{section.7.1}{\376\377\0007\000.\0001\000\040\000/\000V\000o\000l\000u\000m\000e\000s\000/\000V\000C\000-\000H\000a\000n\000n\000a\000h\000/\000V\000C\000-\000S\000o\000u\000r\000c\000e\000-\000C\000o\000d\000e\000/\000v\000o\000l\000u\000m\000e\000-\000c\000a\000r\000t\000o\000g\000r\000a\000p\000h\000e\000r\000/\000v\000o\000l\000u\000m\000e\000p\000k\000g\000/\000i\000n\000c\000l\000u\000d\000e\000/\000v\000o\000l\000u\000m\000e\000p\000k\000g\000/\000v\000o\000l\000u\000m\000e\000p\000k\000g\000.\000h\000\040\000F\000i\000l\000e\000\040\000R\000e\000f\000e\000r\000e\000n\000c\000e}{chapter.7}% 71
\BOOKMARK [1][-]{section.7.2}{\376\377\0007\000.\0002\000\040\000/\000V\000o\000l\000u\000m\000e\000s\000/\000V\000C\000-\000H\000a\000n\000n\000a\000h\000/\000V\000C\000-\000S\000o\000u\000r\000c\000e\000-\000C\000o\000d\000e\000/\000v\000o\000l\000u\000m\000e\000-\000c\000a\000r\000t\000o\000g\000r\000a\000p\000h\000e\000r\000/\000v\000o\000l\000u\000m\000e\000p\000k\000g\000/\000i\000n\000c\000l\000u\000d\000e\000/\000v\000o\000l\000u\000m\000e\000p\000k\000g\000/\000v\000o\000l\000u\000m\000e\000p\000k\000g\000\137\000v\000e\000r\000s\000i\000o\000n\000.\000h\000\040\000F\000i\000l\000e\000\040\000R\000e\000f\000e\000r\000e\000n\000c\000e}{chapter.7}% 72
\BOOKMARK [1][-]{section.7.3}{\376\377\0007\000.\0003\000\040\000/\000V\000o\000l\000u\000m\000e\000s\000/\000V\000C\000-\000H\000a\000n\000n\000a\000h\000/\000V\000C\000-\000S\000o\000u\000r\000c\000e\000-\000C\000o\000d\000e\000/\000v\000o\000l\000u\000m\000e\000-\000c\000a\000r\000t\000o\000g\000r\000a\000p\000h\000e\000r\000/\000v\000o\000l\000u\000m\000e\000p\000k\000g\000/\000s\000r\000c\000/\000v\000o\000l\000u\000m\000e\000p\000k\000g\000.\000c\000p\000p\000\040\000F\000i\000l\000e\000\040\000R\000e\000f\000e\000r\000e\000n\000c\000e}{chapter.7}% 73
\BOOKMARK [0][-]{section*.12}{\376\377\000I\000n\000d\000e\000x}{}% 74
